MPASM 5.84                      SEMAFORO.ASM   10-16-2024  7:12:11         PAGE  1


LOC  OBJECT CODE     LINE SOURCE TEXT
  VALUE

                      00001     list p=16F628A
                      00002     include "P16F628A.inc"
                      00001         LIST
                      00002 
                      00003 ;==========================================================================
                      00004 ; Build date : Mar 17 2019
                      00005 ;  MPASM PIC16F628A processor include
                      00006 ; 
                      00007 ;  (c) Copyright 1999-2019 Microchip Technology, All rights reserved
                      00008 ;==========================================================================
                      00009 
                      00386         LIST
2007   3F61           00003     __CONFIG _FOSC_XT & _WDTE_OFF & _PWRTE_ON & _MCLRE_ON & _BOREN_ON & _LVP_OFF & _CP_OFF & _CPD_OFF
                      00004 
                      00005 ; Definición de pines
  00000005            00006 ROJO1       EQU     0x05    ; RB5 (Semáforo 1 Rojo)
  00000004            00007 AMARILLO1   EQU     0x04    ; RB4 (Semáforo 1 Amarillo)
  00000003            00008 VERDE1      EQU     0x03    ; RB3 (Semáforo 1 Verde)
  00000002            00009 ROJO2       EQU     0x02    ; RB2 (Semáforo 2 Rojo)
  00000001            00010 AMARILLO2   EQU     0x01    ; RB1 (Semáforo 2 Amarillo)
  00000000            00011 VERDE2      EQU     0x00    ; RB0 (Semáforo 2 Verde)
  00000000            00012 BOTON1      EQU     0x00    ; RA0 (Pulsador 1)
  00000001            00013 BOTON2      EQU     0x01    ; RA1 (Pulsador 2)
                      00014 
                      00015 ; Variables
                      00016     CBLOCK 0x20
  00000020            00017     estado          ; Estado del semáforo (0: apagado, 1: encendido)
                      00018     ENDC
                      00019 
                      00020 ; Inicio del programa
                      00021     ORG 0x0000
0000   2???           00022     goto INICIO
                      00023 
0001                  00024 INICIO:
0001   1683           00025     bsf STATUS, RP0       ; Cambiar a banco 1
0002   3000           00026     movlw 0x00
Message[302]: Register in operand not in bank 0.  Ensure that bank bits are correct.
0003   0086           00027     movwf TRISB           ; Puerto B como salida (LEDs)
0004   3003           00028     movlw 0x03            ; RA0 y RA1 como entradas (Pulsadores)
Message[302]: Register in operand not in bank 0.  Ensure that bank bits are correct.
0005   0085           00029     movwf TRISA
0006   1283           00030     bcf STATUS, RP0       ; Volver a banco 0
                      00031 
                      00032     ; Inicializar LEDs apagados
0007   0186           00033     clrf PORTB            ; Apagar todos los LEDs al inicio
0008   3000           00034     movlw 0x00
0009   00A0           00035     movwf estado          ; Inicializar estado a apagado
                      00036 
000A                  00037 MAIN_LOOP:
                      00038     ; Comprobar si se presiona el BOTON1
000A   1805           00039     btfsc PORTA, BOTON1   ; Si BOTON1 está presionado
000B   2???           00040     call INICIO_SEMAFORO  ; Iniciar secuencia de semáforo
                      00041 
MPASM 5.84                      SEMAFORO.ASM   10-16-2024  7:12:11         PAGE  2


LOC  OBJECT CODE     LINE SOURCE TEXT
  VALUE

                      00042     ; Comprobar si se presiona el BOTON2
000C   1885           00043     btfsc PORTA, BOTON2   ; Si BOTON2 está presionado
000D   2???           00044     call APAGAR_SEMAFORO  ; Apagar semáforo
                      00045 
000E   2???           00046     goto MAIN_LOOP        ; Volver al bucle principal
                      00047 
000F                  00048 INICIO_SEMAFORO:
                      00049     ; Verificar que el semáforo no esté encendido ya
000F   0820           00050     movf estado, W
0010   1903           00051     btfsc STATUS, Z       ; Si el estado es 0 (apagado), proceder
0011   2???           00052     goto ENCENDER_SEMAFOROS
                      00053 
0012   0008           00054     return                ; Si ya están encendidos, no hacer nada
                      00055 
0013                  00056 ENCENDER_SEMAFOROS:
                      00057     ; Cambiar el estado a encendido
0013   3001           00058     movlw 0x01
0014   00A0           00059     movwf estado
                      00060 
                      00061     ; Secuencia de semáforos
                      00062     ; Semáforo 1 en rojo, Semáforo 2 en verde
0015   1686           00063     bsf PORTB, ROJO1      ; Encender ROJO1
0016   1006           00064     bcf PORTB, VERDE2     ; Apagar VERDE2
0017   1086           00065     bcf PORTB, AMARILLO2  ; Apagar AMARILLO2
0018   1406           00066     bsf PORTB, VERDE2     ; Encender VERDE2
0019   2???           00067     call RETARDO_5S       ; Esperar 5 segundos
                      00068 
                      00069     ; Semáforo 1 sigue en rojo, Semáforo 2 en amarillo
001A   1006           00070     bcf PORTB, VERDE2     ; Apagar VERDE2
001B   1486           00071     bsf PORTB, AMARILLO2  ; Encender AMARILLO2
001C   2???           00072     call RETARDO_2S       ; Esperar 2 segundos
                      00073 
                      00074     ; Semáforo 1 en verde, Semáforo 2 en rojo
001D   1286           00075     bcf PORTB, ROJO1      ; Apagar ROJO1
001E   1586           00076     bsf PORTB, VERDE1     ; Encender VERDE1
001F   1086           00077     bcf PORTB, AMARILLO2  ; Apagar AMARILLO2
0020   1506           00078     bsf PORTB, ROJO2      ; Encender ROJO2
0021   2???           00079     call RETARDO_5S       ; Esperar 5 segundos
                      00080 
                      00081     ; Semáforo 1 en amarillo, Semáforo 2 en rojo
0022   1186           00082     bcf PORTB, VERDE1     ; Apagar VERDE1
0023   1606           00083     bsf PORTB, AMARILLO1  ; Encender AMARILLO1
0024   2???           00084     call RETARDO_2S       ; Esperar 2 segundos
                      00085 
0025   2???           00086     goto MAIN_LOOP
                      00087 
0026                  00088 APAGAR_SEMAFORO:
0026   0186           00089     clrf PORTB            ; Apagar todos los LEDs
0027   3000           00090     movlw 0x00
0028   00A0           00091     movwf estado          ; Estado en apagado
0029   0008           00092     return
                      00093 
                      00094 ; Rutinas de retardo
MPASM 5.84                      SEMAFORO.ASM   10-16-2024  7:12:11         PAGE  3


LOC  OBJECT CODE     LINE SOURCE TEXT
  VALUE

002A                  00095 RETARDO_5S:
002A   3064           00096     movlw D'100'          ; Ajusta esto para obtener aproximadamente 5 segundos
002B                  00097 RETARDO_5S_LOOP:
002B   0000           00098     nop
002C   0000           00099     nop
002D   0000           00100     nop
002E   0000           00101     nop
002F   0000           00102     nop
0030   0BA0           00103     decfsz estado, f      ; Decrementar estado y repetir si no es cero
0031   2???           00104     goto RETARDO_5S_LOOP
0032   0008           00105     return
                      00106 
0033                  00107 RETARDO_2S:
0033   3028           00108     movlw D'40'           ; Ajusta esto para obtener aproximadamente 2 segundos
0034                  00109 RETARDO_2S_LOOP:
0034   0000           00110     nop
0035   0000           00111     nop
0036   0000           00112     nop
0037   0000           00113     nop
0038   0000           00114     nop
0039   0BA0           00115     decfsz estado, f      ; Decrementar estado y repetir si no es cero
003A   2???           00116     goto RETARDO_2S_LOOP
003B   0008           00117     return
                      00118 
3F61                  00119     END
MPASM 5.84                      SEMAFORO.ASM   10-16-2024  7:12:11         PAGE  4


SYMBOL TABLE
  LABEL                             VALUE 

ADDEN                             00000003
ADEN                              00000003
AMARILLO1                         00000004
AMARILLO2                         00000001
APAGAR_SEMAFORO                   00000026
BOTON1                            00000000
BOTON2                            00000001
BRGH                              00000002
C                                 00000000
C1INV                             00000004
C1OUT                             00000006
C2INV                             00000005
C2OUT                             00000007
CCP1CON                           00000017
CCP1IE                            00000002
CCP1IF                            00000002
CCP1M0                            00000000
CCP1M1                            00000001
CCP1M2                            00000002
CCP1M3                            00000003
CCP1X                             00000005
CCP1Y                             00000004
CCPR1                             00000015
CCPR1H                            00000016
CCPR1L                            00000015
CIS                               00000003
CM0                               00000000
CM1                               00000001
CM2                               00000002
CMCON                             0000001F
CMIE                              00000006
CMIF                              00000006
CREN                              00000004
CSRC                              00000007
DATA_CP_OFF                       00003FFF
DATA_CP_ON                        00003EFF
DC                                00000001
EEADR                             0000009B
EECON1                            0000009C
EECON2                            0000009D
EEDATA                            0000009A
EEIE                              00000007
EEIF                              00000007
ENCENDER_SEMAFOROS                00000013
F                                 00000001
FERR                              00000002
FSR                               00000004
GIE                               00000007
INDF                              00000000
INICIO                            00000001
INICIO_SEMAFORO                   0000000F
INTCON                            0000000B
INTE                              00000004
MPASM 5.84                      SEMAFORO.ASM   10-16-2024  7:12:11         PAGE  5


SYMBOL TABLE
  LABEL                             VALUE 

INTEDG                            00000006
INTF                              00000001
IRP                               00000007
MAIN_LOOP                         0000000A
NOT_BO                            00000000
NOT_BOD                           00000000
NOT_BOR                           00000000
NOT_PD                            00000003
NOT_POR                           00000001
NOT_RBPU                          00000007
NOT_T1SYNC                        00000002
NOT_TO                            00000004
OERR                              00000001
OPTION_REG                        00000081
OSCF                              00000003
PCL                               00000002
PCLATH                            0000000A
PCON                              0000008E
PEIE                              00000006
PIE1                              0000008C
PIR1                              0000000C
PORTA                             00000005
PORTB                             00000006
PR2                               00000092
PS0                               00000000
PS1                               00000001
PS2                               00000002
PSA                               00000003
RA0                               00000000
RA1                               00000001
RA2                               00000002
RA3                               00000003
RA4                               00000004
RA5                               00000005
RA6                               00000006
RA7                               00000007
RB0                               00000000
RB1                               00000001
RB2                               00000002
RB3                               00000003
RB4                               00000004
RB5                               00000005
RB6                               00000006
RB7                               00000007
RBIE                              00000003
RBIF                              00000000
RCIE                              00000005
RCIF                              00000005
RCREG                             0000001A
RCSTA                             00000018
RD                                00000000
RETARDO_2S                        00000033
RETARDO_2S_LOOP                   00000034
MPASM 5.84                      SEMAFORO.ASM   10-16-2024  7:12:11         PAGE  6


SYMBOL TABLE
  LABEL                             VALUE 

RETARDO_5S                        0000002A
RETARDO_5S_LOOP                   0000002B
ROJO1                             00000005
ROJO2                             00000002
RP0                               00000005
RP1                               00000006
RX9                               00000006
RX9D                              00000000
SPBRG                             00000099
SPEN                              00000007
SREN                              00000005
STATUS                            00000003
SYNC                              00000004
T0CS                              00000005
T0IE                              00000005
T0IF                              00000002
T0SE                              00000004
T1CKPS0                           00000004
T1CKPS1                           00000005
T1CON                             00000010
T1OSCEN                           00000003
T2CKPS0                           00000000
T2CKPS1                           00000001
T2CON                             00000012
TMR0                              00000001
TMR0IE                            00000005
TMR0IF                            00000002
TMR1                              0000000E
TMR1CS                            00000001
TMR1H                             0000000F
TMR1IE                            00000000
TMR1IF                            00000000
TMR1L                             0000000E
TMR1ON                            00000000
TMR2                              00000011
TMR2IE                            00000001
TMR2IF                            00000001
TMR2ON                            00000002
TOUTPS0                           00000003
TOUTPS1                           00000004
TOUTPS2                           00000005
TOUTPS3                           00000006
TRISA                             00000085
TRISA0                            00000000
TRISA1                            00000001
TRISA2                            00000002
TRISA3                            00000003
TRISA4                            00000004
TRISA5                            00000005
TRISA6                            00000006
TRISA7                            00000007
TRISB                             00000086
TRISB0                            00000000
MPASM 5.84                      SEMAFORO.ASM   10-16-2024  7:12:11         PAGE  7


SYMBOL TABLE
  LABEL                             VALUE 

TRISB1                            00000001
TRISB2                            00000002
TRISB3                            00000003
TRISB4                            00000004
TRISB5                            00000005
TRISB6                            00000006
TRISB7                            00000007
TRMT                              00000001
TX9                               00000006
TX9D                              00000000
TXEN                              00000005
TXIE                              00000004
TXIF                              00000004
TXREG                             00000019
TXSTA                             00000098
VERDE1                            00000003
VERDE2                            00000000
VR0                               00000000
VR1                               00000001
VR2                               00000002
VR3                               00000003
VRCON                             0000009F
VREN                              00000007
VROE                              00000006
VRR                               00000005
W                                 00000000
WR                                00000001
WREN                              00000002
WRERR                             00000003
Z                                 00000002
_BODEN_OFF                        00003FBF
_BODEN_ON                         00003FFF
_BOREN_OFF                        00003FBF
_BOREN_ON                         00003FFF
_CONFIG                           00002007
_CPD_OFF                          00003FFF
_CPD_ON                           00003EFF
_CP_OFF                           00003FFF
_CP_ON                            00001FFF
_DEVID1                           00002006
_ER_OSC_CLKOUT                    00003FFF
_ER_OSC_NOCLKOUT                  00003FFE
_EXTCLK_OSC                       00003FEF
_FOSC_ECIO                        00003FEF
_FOSC_EXTRCCLK                    00003FFF
_FOSC_EXTRCIO                     00003FFE
_FOSC_HS                          00003FEE
_FOSC_INTOSCCLK                   00003FFD
_FOSC_INTOSCIO                    00003FFC
_FOSC_LP                          00003FEC
_FOSC_XT                          00003FED
_HS_OSC                           00003FEE
_IDLOC0                           00002000
MPASM 5.84                      SEMAFORO.ASM   10-16-2024  7:12:11         PAGE  8


SYMBOL TABLE
  LABEL                             VALUE 

_IDLOC1                           00002001
_IDLOC2                           00002002
_IDLOC3                           00002003
_INTOSC_OSC_CLKOUT                00003FFD
_INTOSC_OSC_NOCLKOUT              00003FFC
_INTRC_OSC_CLKOUT                 00003FFD
_INTRC_OSC_NOCLKOUT               00003FFC
_LP_OSC                           00003FEC
_LVP_OFF                          00003F7F
_LVP_ON                           00003FFF
_MCLRE_OFF                        00003FDF
_MCLRE_ON                         00003FFF
_PWRTE_OFF                        00003FFF
_PWRTE_ON                         00003FF7
_RC_OSC_CLKOUT                    00003FFF
_RC_OSC_NOCLKOUT                  00003FFE
_WDTE_OFF                         00003FFB
_WDTE_ON                          00003FFF
_WDT_OFF                          00003FFB
_WDT_ON                           00003FFF
_XT_OSC                           00003FED
__16F628A                         00000001
estado                            00000020

Errors   :     0
Warnings :     0 reported,     0 suppressed
Messages :     2 reported,     0 suppressed

