MPASM 5.84                         MOTOR.ASM   10-14-2024  21:30:48         PAGE  1


LOC  OBJECT CODE     LINE SOURCE TEXT
  VALUE

Warning[205]: Found directive in column 1. (LIST)
                      00001 LIST  P=16F628A           
                      00002     INCLUDE <P16F628A.INC>    
                      00001         LIST
                      00002 
                      00003 ;==========================================================================
                      00004 ; Build date : Mar 17 2019
                      00005 ;  MPASM PIC16F628A processor include
                      00006 ; 
                      00007 ;  (c) Copyright 1999-2019 Microchip Technology, All rights reserved
                      00008 ;==========================================================================
                      00009 
                      00386         LIST
                      00003 
2007   3FE1           00004     __CONFIG    _XT_OSC & _PWRTE_ON & _CP_OFF & _MCLRE_ON & _WDT_OFF 
                      00005 
                      00006     ORG   0x00                
                      00007 
                      00008     ; Configuración de puertos
0000   1683           00009     BSF     STATUS, RP0        ; Cambia al banco 1
Message[302]: Register in operand not in bank 0.  Ensure that bank bits are correct.
0001   1005           00010     BCF     TRISA, RA0         ; RA0 como entrada (Botón 1)
Message[302]: Register in operand not in bank 0.  Ensure that bank bits are correct.
0002   1085           00011     BCF     TRISA, RA1         ; RA1 como entrada (Botón 2)
Message[302]: Register in operand not in bank 0.  Ensure that bank bits are correct.
0003   1006           00012     BCF     TRISB, RB0         ; RB0 como salida (Control de transistor 1 - Relay 1)
Message[302]: Register in operand not in bank 0.  Ensure that bank bits are correct.
0004   1086           00013     BCF     TRISB, RB1         ; RB1 como salida (Control de transistor 2 - Relay 2)
0005   1283           00014     BCF     STATUS, RP0        ; Regresa al banco 0
                      00015 
                      00016     ; Inicialización
0006   1006           00017     BCF     PORTB, RB0         ; Asegura que Relay 1 esté apagado
0007   1086           00018     BCF     PORTB, RB1         ; Asegura que Relay 2 esté apagado
                      00019 
0008                  00020 BUCLE_PRINCIPAL
                      00021     ; Control del motor
0008   1805           00022     BTFSC   PORTA, RA0         ; Si se presiona el Botón 1 (RA0)
0009   2???           00023     GOTO    GIRO_HORARIO       ; Gira en sentido horario
000A   1885           00024     BTFSC   PORTA, RA1         ; Si se presiona el Botón 2 (RA1)
000B   2???           00025     GOTO    GIRO_ANTIHORARIO   ; Gira en sentido antihorario
000C   2???           00026     GOTO    APAGAR_MOTOR       ; Si no se presiona ningún botón, apaga el motor
                      00027 
000D                  00028 GIRO_HORARIO
000D   1406           00029     BSF     PORTB, RB0         ; Activa Relay 1 (Giro horario)
000E   1086           00030     BCF     PORTB, RB1         ; Asegura que Relay 2 esté apagado
000F   2???           00031     GOTO    BUCLE_PRINCIPAL    ; Regresa al bucle principal
                      00032 
0010                  00033 GIRO_ANTIHORARIO
0010   1006           00034     BCF     PORTB, RB0         ; Asegura que Relay 1 esté apagado
0011   1486           00035     BSF     PORTB, RB1         ; Activa Relay 2 (Giro antihorario)
0012   2???           00036     GOTO    BUCLE_PRINCIPAL    ; Regresa al bucle principal
                      00037 
0013                  00038 APAGAR_MOTOR
MPASM 5.84                         MOTOR.ASM   10-14-2024  21:30:48         PAGE  2


LOC  OBJECT CODE     LINE SOURCE TEXT
  VALUE

0013   1006           00039     BCF     PORTB, RB0         ; Apaga Relay 1
0014   1086           00040     BCF     PORTB, RB1         ; Apaga Relay 2
0015   2???           00041     GOTO    BUCLE_PRINCIPAL    ; Regresa al bucle principal
                      00042 
3FE1                  00043     END                        ; Fin del programa
MPASM 5.84                         MOTOR.ASM   10-14-2024  21:30:48         PAGE  3


SYMBOL TABLE
  LABEL                             VALUE 

ADDEN                             00000003
ADEN                              00000003
APAGAR_MOTOR                      00000013
BRGH                              00000002
BUCLE_PRINCIPAL                   00000008
C                                 00000000
C1INV                             00000004
C1OUT                             00000006
C2INV                             00000005
C2OUT                             00000007
CCP1CON                           00000017
CCP1IE                            00000002
CCP1IF                            00000002
CCP1M0                            00000000
CCP1M1                            00000001
CCP1M2                            00000002
CCP1M3                            00000003
CCP1X                             00000005
CCP1Y                             00000004
CCPR1                             00000015
CCPR1H                            00000016
CCPR1L                            00000015
CIS                               00000003
CM0                               00000000
CM1                               00000001
CM2                               00000002
CMCON                             0000001F
CMIE                              00000006
CMIF                              00000006
CREN                              00000004
CSRC                              00000007
DATA_CP_OFF                       00003FFF
DATA_CP_ON                        00003EFF
DC                                00000001
EEADR                             0000009B
EECON1                            0000009C
EECON2                            0000009D
EEDATA                            0000009A
EEIE                              00000007
EEIF                              00000007
F                                 00000001
FERR                              00000002
FSR                               00000004
GIE                               00000007
GIRO_ANTIHORARIO                  00000010
GIRO_HORARIO                      0000000D
INDF                              00000000
INTCON                            0000000B
INTE                              00000004
INTEDG                            00000006
INTF                              00000001
IRP                               00000007
NOT_BO                            00000000
MPASM 5.84                         MOTOR.ASM   10-14-2024  21:30:48         PAGE  4


SYMBOL TABLE
  LABEL                             VALUE 

NOT_BOD                           00000000
NOT_BOR                           00000000
NOT_PD                            00000003
NOT_POR                           00000001
NOT_RBPU                          00000007
NOT_T1SYNC                        00000002
NOT_TO                            00000004
OERR                              00000001
OPTION_REG                        00000081
OSCF                              00000003
PCL                               00000002
PCLATH                            0000000A
PCON                              0000008E
PEIE                              00000006
PIE1                              0000008C
PIR1                              0000000C
PORTA                             00000005
PORTB                             00000006
PR2                               00000092
PS0                               00000000
PS1                               00000001
PS2                               00000002
PSA                               00000003
RA0                               00000000
RA1                               00000001
RA2                               00000002
RA3                               00000003
RA4                               00000004
RA5                               00000005
RA6                               00000006
RA7                               00000007
RB0                               00000000
RB1                               00000001
RB2                               00000002
RB3                               00000003
RB4                               00000004
RB5                               00000005
RB6                               00000006
RB7                               00000007
RBIE                              00000003
RBIF                              00000000
RCIE                              00000005
RCIF                              00000005
RCREG                             0000001A
RCSTA                             00000018
RD                                00000000
RP0                               00000005
RP1                               00000006
RX9                               00000006
RX9D                              00000000
SPBRG                             00000099
SPEN                              00000007
SREN                              00000005
MPASM 5.84                         MOTOR.ASM   10-14-2024  21:30:48         PAGE  5


SYMBOL TABLE
  LABEL                             VALUE 

STATUS                            00000003
SYNC                              00000004
T0CS                              00000005
T0IE                              00000005
T0IF                              00000002
T0SE                              00000004
T1CKPS0                           00000004
T1CKPS1                           00000005
T1CON                             00000010
T1OSCEN                           00000003
T2CKPS0                           00000000
T2CKPS1                           00000001
T2CON                             00000012
TMR0                              00000001
TMR0IE                            00000005
TMR0IF                            00000002
TMR1                              0000000E
TMR1CS                            00000001
TMR1H                             0000000F
TMR1IE                            00000000
TMR1IF                            00000000
TMR1L                             0000000E
TMR1ON                            00000000
TMR2                              00000011
TMR2IE                            00000001
TMR2IF                            00000001
TMR2ON                            00000002
TOUTPS0                           00000003
TOUTPS1                           00000004
TOUTPS2                           00000005
TOUTPS3                           00000006
TRISA                             00000085
TRISA0                            00000000
TRISA1                            00000001
TRISA2                            00000002
TRISA3                            00000003
TRISA4                            00000004
TRISA5                            00000005
TRISA6                            00000006
TRISA7                            00000007
TRISB                             00000086
TRISB0                            00000000
TRISB1                            00000001
TRISB2                            00000002
TRISB3                            00000003
TRISB4                            00000004
TRISB5                            00000005
TRISB6                            00000006
TRISB7                            00000007
TRMT                              00000001
TX9                               00000006
TX9D                              00000000
TXEN                              00000005
MPASM 5.84                         MOTOR.ASM   10-14-2024  21:30:48         PAGE  6


SYMBOL TABLE
  LABEL                             VALUE 

TXIE                              00000004
TXIF                              00000004
TXREG                             00000019
TXSTA                             00000098
VR0                               00000000
VR1                               00000001
VR2                               00000002
VR3                               00000003
VRCON                             0000009F
VREN                              00000007
VROE                              00000006
VRR                               00000005
W                                 00000000
WR                                00000001
WREN                              00000002
WRERR                             00000003
Z                                 00000002
_BODEN_OFF                        00003FBF
_BODEN_ON                         00003FFF
_BOREN_OFF                        00003FBF
_BOREN_ON                         00003FFF
_CONFIG                           00002007
_CPD_OFF                          00003FFF
_CPD_ON                           00003EFF
_CP_OFF                           00003FFF
_CP_ON                            00001FFF
_DEVID1                           00002006
_ER_OSC_CLKOUT                    00003FFF
_ER_OSC_NOCLKOUT                  00003FFE
_EXTCLK_OSC                       00003FEF
_FOSC_ECIO                        00003FEF
_FOSC_EXTRCCLK                    00003FFF
_FOSC_EXTRCIO                     00003FFE
_FOSC_HS                          00003FEE
_FOSC_INTOSCCLK                   00003FFD
_FOSC_INTOSCIO                    00003FFC
_FOSC_LP                          00003FEC
_FOSC_XT                          00003FED
_HS_OSC                           00003FEE
_IDLOC0                           00002000
_IDLOC1                           00002001
_IDLOC2                           00002002
_IDLOC3                           00002003
_INTOSC_OSC_CLKOUT                00003FFD
_INTOSC_OSC_NOCLKOUT              00003FFC
_INTRC_OSC_CLKOUT                 00003FFD
_INTRC_OSC_NOCLKOUT               00003FFC
_LP_OSC                           00003FEC
_LVP_OFF                          00003F7F
_LVP_ON                           00003FFF
_MCLRE_OFF                        00003FDF
_MCLRE_ON                         00003FFF
_PWRTE_OFF                        00003FFF
MPASM 5.84                         MOTOR.ASM   10-14-2024  21:30:48         PAGE  7


SYMBOL TABLE
  LABEL                             VALUE 

_PWRTE_ON                         00003FF7
_RC_OSC_CLKOUT                    00003FFF
_RC_OSC_NOCLKOUT                  00003FFE
_WDTE_OFF                         00003FFB
_WDTE_ON                          00003FFF
_WDT_OFF                          00003FFB
_WDT_ON                           00003FFF
_XT_OSC                           00003FED
__16F628A                         00000001

Errors   :     0
Warnings :     1 reported,     0 suppressed
Messages :     4 reported,     0 suppressed

