MPASM 5.84                     ELEVADORR.ASM   9-17-2024  22:21:46         PAGE  1


LOC  OBJECT CODE     LINE SOURCE TEXT
  VALUE

Warning[205]: Found directive in column 1. (INCLUDE)
                      00001 INCLUDE "P16F84A.INC"
                      00001         LIST
                      00002 
                      00003 ;==========================================================================
                      00004 ; Build date : Mar 17 2019
                      00005 ;  MPASM PIC16F84A processor include
                      00006 ; 
                      00007 ;  (c) Copyright 1999-2019 Microchip Technology, All rights reserved
                      00008 ;==========================================================================
                      00009 
                      00209         LIST
Warning[205]: Found directive in column 1. (ORG)
                      00002 ORG 0X00
Warning[203]: Found opcode in column 1. (BSF)
0000   1683           00003 BSF STATUS,5
Warning[203]: Found opcode in column 1. (CLRF)
0001   0185           00004 CLRF PORTA                ;puerto A es de salida
Warning[203]: Found opcode in column 1. (MOVLW)
0002   30FF           00005 MOVLW B'11111111'
Warning[203]: Found opcode in column 1. (MOVWF)
Message[302]: Register in operand not in bank 0.  Ensure that bank bits are correct.
0003   0086           00006 MOVWF TRISB            ;puerto B es  entrada de sensores
Warning[203]: Found opcode in column 1. (BCF)
0004   1283           00007 BCF STATUS,5
Warning[203]: Found opcode in column 1. (CLRF)
0005   0186           00008 CLRF PORTB
                      00009 
                      00010 ;programa principal
                      00011 
0006                  00012 INICIO
0006   1C06           00013 SUBEPISO1  BTFSS PORTB,0
0007   2???           00014                       GOTO SUBEPISO1
0008   2???           00015                       CALL SUBE
0009   1E86           00016 STOP1           BTFSS PORTB,5
000A   2???           00017                       GOTO STOP1
000B   2???           00018                       CALL STOP
000C   1C86           00019 SUBEPISO2  BTFSS PORTB,1
000D   2???           00020                       GOTO SUBEPISO2
000E   2???           00021                       CALL SUBE
000F   1F06           00022 STOP2          BTFSS PORTB,6
0010   2???           00023                       GOTO STOP2
0011   2???           00024                       CALL STOP
0012   1D06           00025 SUBEPISO3  BTFSS PORTB,2
0013   2???           00026                       GOTO SUBEPISO3
0014   2???           00027                      CALL SUBE
0015   1F86           00028 STOP3         BTFSS PORTB,7
0016   2???           00029                     GOTO STOP3
0017   2???           00030                     CALL STOP
                      00031 
0018   1C86           00032 BAJAPISO2   BTFSS PORTB,1
0019   2???           00033                       GOTO BAJAPISO2
001A   2???           00034                       CALL BAJA
MPASM 5.84                     ELEVADORR.ASM   9-17-2024  22:21:46         PAGE  2


LOC  OBJECT CODE     LINE SOURCE TEXT
  VALUE

001B   1F06           00035 PARADA2    BTFSS PORTB,6
001C   2???           00036                      GOTO PARADA2
001D   2???           00037                      CALL STOP
001E   1C06           00038 BAJAPISO1  BTFSS PORTB,0
001F   2???           00039                       GOTO BAJAPISO1
0020   2???           00040                       CALL BAJA
0021   1E86           00041 PARADA1    BTFSS PORTB,5
0022   2???           00042                      GOTO PARADA1
0023   2???           00043                      CALL STOP
0024   2???           00044                      GOTO INICIO
                      00045 
                      00046 ;Subrutinas de stop, bajada y subida de motor
                      00047 
0025   3000           00048 STOP            MOVLW B'00000000'
0026   0085           00049                       MOVWF PORTA
0027   0008           00050                       RETURN
0028   3002           00051 SUBE            MOVLW B'00000010'
0029   0085           00052                       MOVWF PORTA
002A   0008           00053                       RETURN
002B   3004           00054 BAJA             MOVLW B'00000100'
002C   0085           00055                        MOVWF PORTA
002D   0008           00056                        RETURN
                      00057                        END
MPASM 5.84                     ELEVADORR.ASM   9-17-2024  22:21:46         PAGE  3


SYMBOL TABLE
  LABEL                             VALUE 

BAJA                              0000002B
BAJAPISO1                         0000001E
BAJAPISO2                         00000018
C                                 00000000
DC                                00000001
EEADR                             00000009
EECON1                            00000088
EECON2                            00000089
EEDATA                            00000008
EEIE                              00000006
EEIF                              00000004
F                                 00000001
FSR                               00000004
GIE                               00000007
INDF                              00000000
INICIO                            00000006
INTCON                            0000000B
INTE                              00000004
INTEDG                            00000006
INTF                              00000001
IRP                               00000007
NOT_PD                            00000003
NOT_RBPU                          00000007
NOT_TO                            00000004
OPTION_REG                        00000081
PARADA1                           00000021
PARADA2                           0000001B
PCL                               00000002
PCLATH                            0000000A
PORTA                             00000005
PORTB                             00000006
PS0                               00000000
PS1                               00000001
PS2                               00000002
PSA                               00000003
RA0                               00000000
RA1                               00000001
RA2                               00000002
RA3                               00000003
RA4                               00000004
RB0                               00000000
RB1                               00000001
RB2                               00000002
RB3                               00000003
RB4                               00000004
RB5                               00000005
RB6                               00000006
RB7                               00000007
RBIE                              00000003
RBIF                              00000000
RD                                00000000
RP0                               00000005
RP1                               00000006
MPASM 5.84                     ELEVADORR.ASM   9-17-2024  22:21:46         PAGE  4


SYMBOL TABLE
  LABEL                             VALUE 

STATUS                            00000003
STOP                              00000025
STOP1                             00000009
STOP2                             0000000F
STOP3                             00000015
SUBE                              00000028
SUBEPISO1                         00000006
SUBEPISO2                         0000000C
SUBEPISO3                         00000012
T0CS                              00000005
T0IE                              00000005
T0IF                              00000002
T0SE                              00000004
TMR0                              00000001
TMR0IE                            00000005
TMR0IF                            00000002
TRISA                             00000085
TRISA0                            00000000
TRISA1                            00000001
TRISA2                            00000002
TRISA3                            00000003
TRISA4                            00000004
TRISB                             00000086
TRISB0                            00000000
TRISB1                            00000001
TRISB2                            00000002
TRISB3                            00000003
TRISB4                            00000004
TRISB5                            00000005
TRISB6                            00000006
TRISB7                            00000007
W                                 00000000
WR                                00000001
WREN                              00000002
WRERR                             00000003
Z                                 00000002
_CONFIG                           00002007
_CP_OFF                           00003FFF
_CP_ON                            0000000F
_DEVID1                           00002006
_FOSC_EXTRC                       00003FFF
_FOSC_HS                          00003FFE
_FOSC_LP                          00003FFC
_FOSC_XT                          00003FFD
_HS_OSC                           00003FFE
_IDLOC0                           00002000
_IDLOC1                           00002001
_IDLOC2                           00002002
_IDLOC3                           00002003
_LP_OSC                           00003FFC
_PWRTE_OFF                        00003FFF
_PWRTE_ON                         00003FF7
_RC_OSC                           00003FFF
MPASM 5.84                     ELEVADORR.ASM   9-17-2024  22:21:46         PAGE  5


SYMBOL TABLE
  LABEL                             VALUE 

_WDTE_OFF                         00003FFB
_WDTE_ON                          00003FFF
_WDT_OFF                          00003FFB
_WDT_ON                           00003FFF
_XT_OSC                           00003FFD
__16F84A                          00000001

Errors   :     0
Warnings :     8 reported,     0 suppressed
Messages :     1 reported,     0 suppressed

