MPASM 5.84                          BITS.ASM   5-13-2024  19:43:10         PAGE  1


LOC  OBJECT CODE     LINE SOURCE TEXT
  VALUE

Warning[205]: Found directive in column 1. (LIST)
Warning[215]: Processor superseded by command line.  Verify processor symbol.
                      00001 LIST P=16F628A          ; Indicamos el procesador a usar
Warning[205]: Found directive in column 1. (INCLUDE)
                      00002 INCLUDE <P16F628A.INC>   ; Agregamos la librería
                      00001         LIST
                      00002 
                      00003 ;==========================================================================
                      00004 ; Build date : Mar 17 2019
                      00005 ;  MPASM PIC16F628A processor include
                      00006 ; 
                      00007 ;  (c) Copyright 1999-2019 Microchip Technology, All rights reserved
                      00008 ;==========================================================================
                      00009 
Message[301]: MESSAGE: (Processor-header file mismatch.  Verify selected processor.)
                      00386         LIST
                      00003 
Warning[205]: Found directive in column 1. (__CONFIG)
2007   3FE1           00004 __CONFIG _XT_OSC & _WDT_OFF & _PWRTE_ON & _CP_OFF
                      00005 
Warning[205]: Found directive in column 1. (ORG)
                      00006 ORG 0x00    
                      00007 
Warning[203]: Found opcode in column 1. (BSF)
0000   1683           00008 BSF STATUS, RP0         ; Cambiamos al banco 1
Warning[203]: Found opcode in column 1. (MOVLW)
Warning[202]: Argument out of range.  Least significant bits used.
0001   301B           00009 MOVLW 00000011b         ; Configuramos todos los pines de PORTA como entradas
Warning[203]: Found opcode in column 1. (MOVWF)
Message[302]: Register in operand not in bank 0.  Ensure that bank bits are correct.
0002   0085           00010 MOVWF TRISA
Warning[203]: Found opcode in column 1. (CLRF)
Message[302]: Register in operand not in bank 0.  Ensure that bank bits are correct.
0003   0186           00011 CLRF TRISB              ; Configuramos los pines RB0-RB7 como salidas, limpiamos esos puertos
Warning[203]: Found opcode in column 1. (BCF)
0004   1283           00012 BCF STATUS, RP0         ; Regresamos al banco 0
                      00013 
Warning[203]: Found opcode in column 1. (CLRF)
0005   0186           00014 CLRF PORTB              ; Limpiamos esos puertos
Warning[203]: Found opcode in column 1. (BSF)
0006   1403           00015 BSF STATUS,0            ; Encendemos el byte 0 de status que es el que moveremos
0007                  00016 INICIO:
0007   1805           00017     BTFSC   PORTA, 0            ; Si RA0 está presionado
0008   2???           00018     GOTO    DESPLAZAR_DERECHA  
0009   1885           00019     BTFSC   PORTA, 1            ; Si RA1 está presionado
000A   2???           00020     GOTO    DESPLAZAR_IZQUIERDA
000B   2???           00021     GOTO    INICIO              ; Vuelve al inicio para volver a comprobar el estado de los botones
                      00022 
000C                  00023 DESPLAZAR_DERECHA
000C   1885           00024     BTFSC   PORTA, 1            ; Si también está presionado RA1, no hacer nada
000D   2???           00025     GOTO    INICIO              ; Vuelve al inicio para volver a comprobar el estado de los botones
000E   0C86           00026     RRF     PORTB, F            ; Desplaza el bit a la derecha en PORTB (RB0-RB7)
000F   1805           00027     BTFSC PORTA,0
MPASM 5.84                          BITS.ASM   5-13-2024  19:43:10         PAGE  2


LOC  OBJECT CODE     LINE SOURCE TEXT
  VALUE

0010   2???           00028     GOTO $-1
0011   2???           00029     GOTO    INICIO      ; Vuelve al inicio para volver a comprobar el estado de los botones
                      00030 
0012                  00031 DESPLAZAR_IZQUIERDA
0012   1805           00032     BTFSC   PORTA, 0            ; Si también está presionado RA0, no hacer nada
0013   2???           00033     GOTO    INICIO              ; Vuelve al inicio para volver a comprobar el estado de los botones
0014   0D86           00034     RLF     PORTB, F            ; Desplaza el bit a la izquierda en PORTB (RB0-RB7)
0015   1885           00035     BTFSC   PORTA,1
0016   2???           00036     GOTO $-1
0017   2???           00037     GOTO    INICIO      ; Vuelve al inicio para volver a comprobar el estado de los botones
                      00038 
Warning[205]: Found directive in column 1. (END)
3FE1                  00039 END    ; Fin del programa
MPASM 5.84                          BITS.ASM   5-13-2024  19:43:10         PAGE  3


SYMBOL TABLE
  LABEL                             VALUE 

ADDEN                             00000003
ADEN                              00000003
BRGH                              00000002
C                                 00000000
C1INV                             00000004
C1OUT                             00000006
C2INV                             00000005
C2OUT                             00000007
CCP1CON                           00000017
CCP1IE                            00000002
CCP1IF                            00000002
CCP1M0                            00000000
CCP1M1                            00000001
CCP1M2                            00000002
CCP1M3                            00000003
CCP1X                             00000005
CCP1Y                             00000004
CCPR1                             00000015
CCPR1H                            00000016
CCPR1L                            00000015
CIS                               00000003
CM0                               00000000
CM1                               00000001
CM2                               00000002
CMCON                             0000001F
CMIE                              00000006
CMIF                              00000006
CREN                              00000004
CSRC                              00000007
DATA_CP_OFF                       00003FFF
DATA_CP_ON                        00003EFF
DC                                00000001
DESPLAZAR_DERECHA                 0000000C
DESPLAZAR_IZQUIERDA               00000012
EEADR                             0000009B
EECON1                            0000009C
EECON2                            0000009D
EEDATA                            0000009A
EEIE                              00000007
EEIF                              00000007
F                                 00000001
FERR                              00000002
FSR                               00000004
GIE                               00000007
INDF                              00000000
INICIO                            00000007
INTCON                            0000000B
INTE                              00000004
INTEDG                            00000006
INTF                              00000001
IRP                               00000007
NOT_BO                            00000000
NOT_BOD                           00000000
MPASM 5.84                          BITS.ASM   5-13-2024  19:43:10         PAGE  4


SYMBOL TABLE
  LABEL                             VALUE 

NOT_BOR                           00000000
NOT_PD                            00000003
NOT_POR                           00000001
NOT_RBPU                          00000007
NOT_T1SYNC                        00000002
NOT_TO                            00000004
OERR                              00000001
OPTION_REG                        00000081
OSCF                              00000003
PCL                               00000002
PCLATH                            0000000A
PCON                              0000008E
PEIE                              00000006
PIE1                              0000008C
PIR1                              0000000C
PORTA                             00000005
PORTB                             00000006
PR2                               00000092
PS0                               00000000
PS1                               00000001
PS2                               00000002
PSA                               00000003
RA0                               00000000
RA1                               00000001
RA2                               00000002
RA3                               00000003
RA4                               00000004
RA5                               00000005
RA6                               00000006
RA7                               00000007
RB0                               00000000
RB1                               00000001
RB2                               00000002
RB3                               00000003
RB4                               00000004
RB5                               00000005
RB6                               00000006
RB7                               00000007
RBIE                              00000003
RBIF                              00000000
RCIE                              00000005
RCIF                              00000005
RCREG                             0000001A
RCSTA                             00000018
RD                                00000000
RP0                               00000005
RP1                               00000006
RX9                               00000006
RX9D                              00000000
SPBRG                             00000099
SPEN                              00000007
SREN                              00000005
STATUS                            00000003
MPASM 5.84                          BITS.ASM   5-13-2024  19:43:10         PAGE  5


SYMBOL TABLE
  LABEL                             VALUE 

SYNC                              00000004
T0CS                              00000005
T0IE                              00000005
T0IF                              00000002
T0SE                              00000004
T1CKPS0                           00000004
T1CKPS1                           00000005
T1CON                             00000010
T1OSCEN                           00000003
T2CKPS0                           00000000
T2CKPS1                           00000001
T2CON                             00000012
TMR0                              00000001
TMR0IE                            00000005
TMR0IF                            00000002
TMR1                              0000000E
TMR1CS                            00000001
TMR1H                             0000000F
TMR1IE                            00000000
TMR1IF                            00000000
TMR1L                             0000000E
TMR1ON                            00000000
TMR2                              00000011
TMR2IE                            00000001
TMR2IF                            00000001
TMR2ON                            00000002
TOUTPS0                           00000003
TOUTPS1                           00000004
TOUTPS2                           00000005
TOUTPS3                           00000006
TRISA                             00000085
TRISA0                            00000000
TRISA1                            00000001
TRISA2                            00000002
TRISA3                            00000003
TRISA4                            00000004
TRISA5                            00000005
TRISA6                            00000006
TRISA7                            00000007
TRISB                             00000086
TRISB0                            00000000
TRISB1                            00000001
TRISB2                            00000002
TRISB3                            00000003
TRISB4                            00000004
TRISB5                            00000005
TRISB6                            00000006
TRISB7                            00000007
TRMT                              00000001
TX9                               00000006
TX9D                              00000000
TXEN                              00000005
TXIE                              00000004
MPASM 5.84                          BITS.ASM   5-13-2024  19:43:10         PAGE  6


SYMBOL TABLE
  LABEL                             VALUE 

TXIF                              00000004
TXREG                             00000019
TXSTA                             00000098
VR0                               00000000
VR1                               00000001
VR2                               00000002
VR3                               00000003
VRCON                             0000009F
VREN                              00000007
VROE                              00000006
VRR                               00000005
W                                 00000000
WR                                00000001
WREN                              00000002
WRERR                             00000003
Z                                 00000002
_.org_0_0010                      00000010
_.org_0_0016                      00000016
_BODEN_OFF                        00003FBF
_BODEN_ON                         00003FFF
_BOREN_OFF                        00003FBF
_BOREN_ON                         00003FFF
_CONFIG                           00002007
_CPD_OFF                          00003FFF
_CPD_ON                           00003EFF
_CP_OFF                           00003FFF
_CP_ON                            00001FFF
_DEVID1                           00002006
_ER_OSC_CLKOUT                    00003FFF
_ER_OSC_NOCLKOUT                  00003FFE
_EXTCLK_OSC                       00003FEF
_FOSC_ECIO                        00003FEF
_FOSC_EXTRCCLK                    00003FFF
_FOSC_EXTRCIO                     00003FFE
_FOSC_HS                          00003FEE
_FOSC_INTOSCCLK                   00003FFD
_FOSC_INTOSCIO                    00003FFC
_FOSC_LP                          00003FEC
_FOSC_XT                          00003FED
_HS_OSC                           00003FEE
_IDLOC0                           00002000
_IDLOC1                           00002001
_IDLOC2                           00002002
_IDLOC3                           00002003
_INTOSC_OSC_CLKOUT                00003FFD
_INTOSC_OSC_NOCLKOUT              00003FFC
_INTRC_OSC_CLKOUT                 00003FFD
_INTRC_OSC_NOCLKOUT               00003FFC
_LP_OSC                           00003FEC
_LVP_OFF                          00003F7F
_LVP_ON                           00003FFF
_MCLRE_OFF                        00003FDF
_MCLRE_ON                         00003FFF
MPASM 5.84                          BITS.ASM   5-13-2024  19:43:10         PAGE  7


SYMBOL TABLE
  LABEL                             VALUE 

_PWRTE_OFF                        00003FFF
_PWRTE_ON                         00003FF7
_RC_OSC_CLKOUT                    00003FFF
_RC_OSC_NOCLKOUT                  00003FFE
_WDTE_OFF                         00003FFB
_WDTE_ON                          00003FFF
_WDT_OFF                          00003FFB
_WDT_ON                           00003FFF
_XT_OSC                           00003FED
__16F84A                          00000001

Errors   :     0
Warnings :    14 reported,     0 suppressed
Messages :     3 reported,     0 suppressed

